<?xml version="1.0" encoding="UTF-8"?>
<testsuite xmlns:xsi="http://www.w3.org/2001/XMLSchema-instance" xsi:noNamespaceSchemaLocation="https://maven.apache.org/surefire/maven-surefire-plugin/xsd/surefire-test-report.xsd" name="TestSuite" time="19.439" tests="4" errors="0" skipped="0" failures="1">
  <properties>
[...]
</properties>
  <testcase name="loginTest" classname="tests.LoginTests" time="1.584"/>
  <testcase name="loginTest" classname="tests.LoginTests" time="1.009">
    <failure message="expected [https://www.saucedemo.com/inventory.html] but found [https://www.saucedemo.com/]" type="java.lang.AssertionError">java.lang.AssertionError: expected [https://www.saucedemo.com/inventory.html] but found [https://www.saucedemo.com/]
	at tests.LoginTests.loginTest(LoginTests.java:24)
</failure>
    <system-out><![CDATA[on test s
ChromeDriver: chrome on WINDOWS (2ab54fa7602739f7ca58d8389bcf3e4f)
hereChromeDriver: chrome on WINDOWS (2ab54fa7602739f7ca58d8389bcf3e4f)
]]></system-out>
    <system-err><![CDATA[Starting ChromeDriver 110.0.5481.77 (65ed616c6e8ee3fe0ad64fe83796c020644d42af-refs/branch-heads/5481@{#839}) on port 11649
Only local connections are allowed.
Please see https://chromedriver.chromium.org/security-considerations for suggestions on keeping ChromeDriver safe.
ChromeDriver was started successfully.
[1678269378.720][WARNING]: virtual void DevToolsClientImpl::AddListener(DevToolsEventListener *) subscribing a listener to the already connected DevToolsClient. Connection notification will not arrive.
]]></system-err>
  </testcase>
  <testcase name="loginTest" classname="tests.LoginTests" time="1.832"/>
  <testcase name="loginTest" classname="tests.LoginTests" time="6.27"/>
</testsuite>